<?xml version="1.0" encoding="UTF-8"?>
<coverage generated="1644417311677" clover="3.2.0">
  <project timestamp="1644417311677" name="All files">
    <metrics statements="9" coveredstatements="8" conditionals="0" coveredconditionals="0" methods="4" coveredmethods="3" elements="13" coveredelements="11" complexity="0" loc="9" ncloc="9" packages="1" files="3" classes="3"/>
    <file name="complex.js" path="/Users/pulkitgupta/Desktop/OpenSource/testing/complex.js">
      <metrics statements="2" coveredstatements="2" conditionals="0" coveredconditionals="0" methods="1" coveredmethods="1"/>
      <line num="2" count="1" type="stmt"/>
      <line num="3" count="1" type="stmt"/>
    </file>
    <file name="script.js" path="/Users/pulkitgupta/Desktop/OpenSource/testing/script.js">
      <metrics statements="6" coveredstatements="5" conditionals="0" coveredconditionals="0" methods="2" coveredmethods="1"/>
      <line num="1" count="1" type="stmt"/>
      <line num="17" count="1" type="stmt"/>
      <line num="19" count="1" type="stmt"/>
      <line num="20" count="1" type="stmt"/>
      <line num="21" count="1" type="stmt"/>
      <line num="24" count="0" type="stmt"/>
    </file>
    <file name="sum.js" path="/Users/pulkitgupta/Desktop/OpenSource/testing/sum.js">
      <metrics statements="1" coveredstatements="1" conditionals="0" coveredconditionals="0" methods="1" coveredmethods="1"/>
      <line num="2" count="1" type="stmt"/>
    </file>
  </project>
</coverage>
