{"/Users/pulkitgupta/Desktop/OpenSource/testing/complex.js": {"path":"/Users/pulkitgupta/Desktop/OpenSource/testing/complex.js","statementMap":{"0":{"start":{"line":2,"column":15},"end":{"line":2,"column":20}},"1":{"start":{"line":3,"column":2},"end":{"line":3,"column":19}}},"fnMap":{"0":{"name":"ComplexFun","decl":{"start":{"line":1,"column":16},"end":{"line":1,"column":26}},"loc":{"start":{"line":1,"column":33},"end":{"line":4,"column":1}},"line":1}},"branchMap":{},"s":{"0":1,"1":1},"f":{"0":1},"b":{},"_coverageSchema":"1a1c01bbd47fc00a2c39e90264f33305004495a9","hash":"2ddd00de50aeb7f9d40b1c5e4c3fe8ac4e3f797b"}
,"/Users/pulkitgupta/Desktop/OpenSource/testing/script.js": {"path":"/Users/pulkitgupta/Desktop/OpenSource/testing/script.js","statementMap":{"0":{"start":{"line":1,"column":13},"end":{"line":1,"column":43}},"1":{"start":{"line":17,"column":7},"end":{"line":17,"column":18}},"2":{"start":{"line":19,"column":4},"end":{"line":19,"column":44}},"3":{"start":{"line":20,"column":4},"end":{"line":20,"column":36}},"4":{"start":{"line":21,"column":4},"end":{"line":21,"column":25}},"5":{"start":{"line":24,"column":4},"end":{"line":24,"column":34}}},"fnMap":{"0":{"name":"(anonymous_0)","decl":{"start":{"line":18,"column":2},"end":{"line":18,"column":3}},"loc":{"start":{"line":18,"column":15},"end":{"line":22,"column":3}},"line":18},"1":{"name":"(anonymous_1)","decl":{"start":{"line":23,"column":2},"end":{"line":23,"column":3}},"loc":{"start":{"line":23,"column":17},"end":{"line":25,"column":3}},"line":23}},"branchMap":{},"s":{"0":1,"1":1,"2":1,"3":1,"4":1,"5":0},"f":{"0":1,"1":0},"b":{},"_coverageSchema":"1a1c01bbd47fc00a2c39e90264f33305004495a9","hash":"47918c725a984b97d2676a9cf4100440ba10129e"}
,"/Users/pulkitgupta/Desktop/OpenSource/testing/sum.js": {"path":"/Users/pulkitgupta/Desktop/OpenSource/testing/sum.js","statementMap":{"0":{"start":{"line":2,"column":2},"end":{"line":2,"column":15}}},"fnMap":{"0":{"name":"sum","decl":{"start":{"line":1,"column":24},"end":{"line":1,"column":27}},"loc":{"start":{"line":1,"column":34},"end":{"line":3,"column":1}},"line":1}},"branchMap":{},"s":{"0":1},"f":{"0":1},"b":{},"_coverageSchema":"1a1c01bbd47fc00a2c39e90264f33305004495a9","hash":"54891c39533166cd04f6ba39fb809f4990c53696"}
}
